INFO: 2020-11-06 13:36:12.894 
Arguments: 
{
    "data_dir": "../data/dart/data/v1.1.1/",
    "dataset": "DART",
    "linearize": true,
    "linearize_strategy": 0,
    "run_id": "bart_v0",
    "models_dir": "models/",
    "model": "BART",
    "batch_size": 16,
    "use_mixed_precision": true,
    "disable_gpu": false,
    "seed": 123,
    "num_epochs": 5,
    "learning_rate": 5e-05,
    "warmup_steps": 500,
    "overwrite": true,
    "max_grad_norm": 1.0
}
INFO: 2020-11-06 13:36:17.659 
Loading model...Done
INFO: 2020-11-06 13:36:17.659 
Using linearization strategy: 0
INFO: 2020-11-06 13:36:18.008 


Samples:

INFO: 2020-11-06 13:36:18.008 
----------------- train -----------------
Source : <TRIPLE> First Clearing LOCATION On NYS 52 1 Mi. Youngsville </TRIPLE> <TRIPLE> On NYS 52 1 Mi. Youngsville CITY_OR_TOWN Callicoon, New York </TRIPLE>
Target : First Clearing	based on Callicoon, New York and location at On NYS 52 1 Mi. Youngsville

INFO: 2020-11-06 13:36:18.008 
----------------- dev -----------------
Source : <TRIPLE> Mars Hill College JOINED 1973 </TRIPLE> <TRIPLE> Mars Hill College LOCATION Mars Hill, North Carolina </TRIPLE>
Target : A school from Mars Hill, North Carolina, joined in 1973.

INFO: 2020-11-06 13:36:18.008 
----------------- test -----------------
Source : <TRIPLE> Hawaii Five-O NOTES Episode: The Flight of the Jewels </TRIPLE> <TRIPLE> [TABLECONTEXT] [TITLE] Jeff Daniels </TRIPLE> <TRIPLE> [TABLECONTEXT] TITLE Hawaii Five-O </TRIPLE>
Target : Jeff Daniels played in the Hawaii Five-O episode The Flight of the Jewels

INFO: 2020-11-06 13:36:40.897 
Preparing dataset...Done
INFO: 2020-11-06 13:36:40.897 
Training model...



INFO: 2020-11-06 14:46:15.330 
Final model saved to -> models/bart_v0/final
INFO: 2020-11-06 14:46:15.331 
Writing predictions to -> models/bart_v0/pred/dev.txt
INFO: 2020-11-06 14:46:24.108 
Finished performing 160 data-to-text generations
INFO: 2020-11-06 14:46:32.228 
Finished performing 320 data-to-text generations
INFO: 2020-11-06 14:46:43.131 
Finished performing 480 data-to-text generations
INFO: 2020-11-06 14:46:51.035 
Finished performing 640 data-to-text generations
INFO: 2020-11-06 14:46:58.801 
Finished performing 800 data-to-text generations
INFO: 2020-11-06 14:47:07.885 
Finished performing 960 data-to-text generations
INFO: 2020-11-06 14:47:18.391 
Finished performing 1120 data-to-text generations
INFO: 2020-11-06 14:47:30.700 
Finished performing 1280 data-to-text generations
INFO: 2020-11-06 14:47:41.781 
Finished performing 1440 data-to-text generations
INFO: 2020-11-06 14:47:54.537 
Finished performing 1600 data-to-text generations
INFO: 2020-11-06 14:48:07.571 
Finished performing 1760 data-to-text generations
INFO: 2020-11-06 14:48:17.272 
Finished performing 1920 data-to-text generations
INFO: 2020-11-06 14:48:29.210 
Finished performing 2080 data-to-text generations
INFO: 2020-11-06 14:48:39.852 
Finished performing 2240 data-to-text generations
INFO: 2020-11-06 14:48:49.497 
Finished performing 2400 data-to-text generations
INFO: 2020-11-06 14:48:59.112 
Finished performing 2560 data-to-text generations
INFO: 2020-11-06 14:49:09.550 
Finished performing 2720 data-to-text generations
INFO: 2020-11-06 14:49:17.622 
Finished performing 2880 data-to-text generations
INFO: 2020-11-06 14:49:26.192 
Finished performing 3040 data-to-text generations
INFO: 2020-11-06 14:49:36.465 
Finished performing 3200 data-to-text generations
INFO: 2020-11-06 14:49:45.250 
Finished performing 3360 data-to-text generations
INFO: 2020-11-06 14:49:53.357 
Finished performing 3520 data-to-text generations
INFO: 2020-11-06 14:50:02.698 
Finished performing 3680 data-to-text generations
INFO: 2020-11-06 14:50:12.338 
Finished performing 3840 data-to-text generations
INFO: 2020-11-06 14:50:22.357 
Finished performing 4000 data-to-text generations
INFO: 2020-11-06 14:50:32.156 
Finished performing 4160 data-to-text generations
INFO: 2020-11-06 14:50:42.123 
Finished performing 4320 data-to-text generations
INFO: 2020-11-06 14:50:50.292 
Finished performing 4480 data-to-text generations
INFO: 2020-11-06 14:50:59.101 
Finished performing 4640 data-to-text generations
INFO: 2020-11-06 14:51:08.171 
Finished performing 4800 data-to-text generations
INFO: 2020-11-06 14:51:16.307 
Finished performing 4960 data-to-text generations
INFO: 2020-11-06 14:51:26.686 
Finished performing 5120 data-to-text generations
INFO: 2020-11-06 14:51:37.091 
Finished performing 5280 data-to-text generations
INFO: 2020-11-06 14:51:46.603 
Finished performing 5440 data-to-text generations
INFO: 2020-11-06 14:51:55.843 
Finished performing 5600 data-to-text generations
INFO: 2020-11-06 14:52:04.310 
Finished performing 5760 data-to-text generations
INFO: 2020-11-06 14:52:11.222 
Finished performing 5920 data-to-text generations
INFO: 2020-11-06 14:52:19.008 
Finished performing 6080 data-to-text generations
INFO: 2020-11-06 14:52:28.940 
Finished performing 6240 data-to-text generations
INFO: 2020-11-06 14:52:36.634 
Finished performing 6400 data-to-text generations
INFO: 2020-11-06 14:52:44.021 
Finished performing 6560 data-to-text generations
INFO: 2020-11-06 14:52:54.318 
Finished performing 6720 data-to-text generations
INFO: 2020-11-06 14:53:02.316 
Finished performing 6880 data-to-text generations
INFO: 2020-11-06 14:53:07.660 
Writing predictions to -> models/bart_v0/pred/test.txt
INFO: 2020-11-06 14:53:15.417 
Finished performing 160 data-to-text generations
INFO: 2020-11-06 14:53:24.069 
Finished performing 320 data-to-text generations
INFO: 2020-11-06 14:53:33.171 
Finished performing 480 data-to-text generations
INFO: 2020-11-06 14:53:39.413 
Finished performing 640 data-to-text generations
INFO: 2020-11-06 14:53:45.468 
Finished performing 800 data-to-text generations
INFO: 2020-11-06 14:53:51.330 
Finished performing 960 data-to-text generations
INFO: 2020-11-06 14:53:58.410 
Finished performing 1120 data-to-text generations
INFO: 2020-11-06 14:54:06.125 
Finished performing 1280 data-to-text generations
INFO: 2020-11-06 14:54:13.968 
Finished performing 1440 data-to-text generations
INFO: 2020-11-06 14:54:23.418 
Finished performing 1600 data-to-text generations
INFO: 2020-11-06 14:54:33.273 
Finished performing 1760 data-to-text generations
INFO: 2020-11-06 14:54:42.806 
Finished performing 1920 data-to-text generations
INFO: 2020-11-06 14:54:53.005 
Finished performing 2080 data-to-text generations
INFO: 2020-11-06 14:55:04.936 
Finished performing 2240 data-to-text generations
INFO: 2020-11-06 14:55:15.237 
Finished performing 2400 data-to-text generations
INFO: 2020-11-06 14:55:26.377 
Finished performing 2560 data-to-text generations
INFO: 2020-11-06 14:55:39.763 
Finished performing 2720 data-to-text generations
INFO: 2020-11-06 14:55:51.928 
Finished performing 2880 data-to-text generations
INFO: 2020-11-06 14:55:59.821 
Finished performing 3040 data-to-text generations
INFO: 2020-11-06 14:56:06.162 
Finished performing 3200 data-to-text generations
INFO: 2020-11-06 14:56:11.595 
Finished performing 3360 data-to-text generations
INFO: 2020-11-06 14:56:17.766 
Finished performing 3520 data-to-text generations
INFO: 2020-11-06 14:56:26.173 
Finished performing 3680 data-to-text generations
INFO: 2020-11-06 14:56:33.898 
Finished performing 3840 data-to-text generations
INFO: 2020-11-06 14:56:41.537 
Finished performing 4000 data-to-text generations
INFO: 2020-11-06 14:56:52.609 
Finished performing 4160 data-to-text generations
INFO: 2020-11-06 14:57:01.422 
Finished performing 4320 data-to-text generations
INFO: 2020-11-06 14:57:09.974 
Finished performing 4480 data-to-text generations
INFO: 2020-11-06 14:57:20.931 
Finished performing 4640 data-to-text generations
INFO: 2020-11-06 14:57:33.048 
Finished performing 4800 data-to-text generations
INFO: 2020-11-06 14:57:46.613 
Finished performing 4960 data-to-text generations
INFO: 2020-11-06 14:57:59.222 
Finished performing 5120 data-to-text generations
INFO: 2020-11-06 14:58:12.626 
Finished performing 5280 data-to-text generations
INFO: 2020-11-06 14:58:27.492 
Finished performing 5440 data-to-text generations
INFO: 2020-11-06 14:58:33.447 
Finished performing 5600 data-to-text generations
INFO: 2020-11-06 14:58:39.072 
Finished performing 5760 data-to-text generations
INFO: 2020-11-06 14:58:44.817 
Finished performing 5920 data-to-text generations
INFO: 2020-11-06 14:58:52.285 
Finished performing 6080 data-to-text generations
INFO: 2020-11-06 14:59:00.121 
Finished performing 6240 data-to-text generations
INFO: 2020-11-06 14:59:08.037 
Finished performing 6400 data-to-text generations
INFO: 2020-11-06 14:59:17.168 
Finished performing 6560 data-to-text generations
INFO: 2020-11-06 14:59:26.955 
Finished performing 6720 data-to-text generations
INFO: 2020-11-06 14:59:35.807 
Finished performing 6880 data-to-text generations
INFO: 2020-11-06 14:59:46.437 
Finished performing 7040 data-to-text generations
INFO: 2020-11-06 14:59:57.509 
Finished performing 7200 data-to-text generations
INFO: 2020-11-06 15:00:07.437 
Finished performing 7360 data-to-text generations
INFO: 2020-11-06 15:00:18.879 
Finished performing 7520 data-to-text generations
INFO: 2020-11-06 15:00:32.873 
Finished performing 7680 data-to-text generations
INFO: 2020-11-06 15:00:44.047 
Finished performing 7840 data-to-text generations
INFO: 2020-11-06 15:00:52.926 
Finished performing 8000 data-to-text generations
INFO: 2020-11-06 15:01:01.077 
Finished performing 8160 data-to-text generations
INFO: 2020-11-06 15:01:08.923 
Finished performing 8320 data-to-text generations
INFO: 2020-11-06 15:01:17.027 
Finished performing 8480 data-to-text generations
INFO: 2020-11-06 15:01:24.964 
Finished performing 8640 data-to-text generations
INFO: 2020-11-06 15:01:32.574 
Finished performing 8800 data-to-text generations
INFO: 2020-11-06 15:01:40.658 
Finished performing 8960 data-to-text generations
INFO: 2020-11-06 15:01:49.240 
Finished performing 9120 data-to-text generations
INFO: 2020-11-06 15:01:59.031 
Finished performing 9280 data-to-text generations
INFO: 2020-11-06 15:02:08.906 
Finished performing 9440 data-to-text generations
INFO: 2020-11-06 15:02:18.173 
Finished performing 9600 data-to-text generations
INFO: 2020-11-06 15:02:27.511 
Finished performing 9760 data-to-text generations
INFO: 2020-11-06 15:02:36.371 
Finished performing 9920 data-to-text generations
INFO: 2020-11-06 15:02:45.483 
Finished performing 10080 data-to-text generations
INFO: 2020-11-06 15:02:55.924 
Finished performing 10240 data-to-text generations
INFO: 2020-11-06 15:03:04.668 
Finished performing 10400 data-to-text generations
INFO: 2020-11-06 15:03:14.237 
Finished performing 10560 data-to-text generations
INFO: 2020-11-06 15:03:23.352 
Finished performing 10720 data-to-text generations
INFO: 2020-11-06 15:03:32.651 
Finished performing 10880 data-to-text generations
INFO: 2020-11-06 15:03:43.042 
Finished performing 11040 data-to-text generations
INFO: 2020-11-06 15:03:52.057 
Finished performing 11200 data-to-text generations
INFO: 2020-11-06 15:04:02.232 
Finished performing 11360 data-to-text generations
INFO: 2020-11-06 15:04:11.652 
Finished performing 11520 data-to-text generations
INFO: 2020-11-06 15:04:20.900 
Finished performing 11680 data-to-text generations
INFO: 2020-11-06 15:04:29.852 
Finished performing 11840 data-to-text generations
INFO: 2020-11-06 15:04:38.780 
Finished performing 12000 data-to-text generations
INFO: 2020-11-06 15:04:47.790 
Finished performing 12160 data-to-text generations
INFO: 2020-11-06 15:04:56.327 
Finished performing 12320 data-to-text generations
INFO: 2020-11-06 15:05:05.145 
Finished performing 12480 data-to-text generations
INFO: 2020-11-06 15:05:08.737 
The Data-to-Text Model for training and generation took -> 88.93329648574193 minutes
